<?xml version="1.0" encoding="utf-8"?><testsuites name="pytest tests"><testsuite name="pytest" errors="0" failures="0" skipped="0" tests="8" time="1.458" timestamp="2026-05-03T08:31:43.852760+00:00" hostname="agent-env-b8fdd2ce-ae06-4ac8-8482-88666c54ca7d"><testcase classname="backend.tests.backend_test.TestHealth" name="test_health_status" time="0.251" /><testcase classname="backend.tests.backend_test.TestHealth" name="test_root" time="0.045" /><testcase classname="backend.tests.backend_test.TestInquiries" name="test_create_inquiry_persists" time="0.604" /><testcase classname="backend.tests.backend_test.TestInquiries" name="test_create_inquiry_invalid_email" time="0.045" /><testcase classname="backend.tests.backend_test.TestInquiries" name="test_create_inquiry_minimal_fields" time="0.045" /><testcase classname="backend.tests.backend_test.TestInquiries" name="test_create_inquiry_missing_name" time="0.043" /><testcase classname="backend.tests.backend_test.TestInquiries" name="test_list_inquiries_no_id_leak_and_sorted" time="0.239" /><testcase classname="backend.tests.backend_test.TestInquiries" name="test_list_pagination_limit" time="0.044" /></testsuite></testsuites>